<?xml version="1.0" encoding="UTF-8"?>
<testng-results skipped="0" failed="0" ignored="0" total="1" passed="1">
  <reporter-output>
  </reporter-output>
  <suite name="Default suite" duration-ms="52761" started-at="2017-07-17T10:13:57Z" finished-at="2017-07-17T10:14:50Z">
    <groups>
    </groups>
    <test name="Default test" duration-ms="52761" started-at="2017-07-17T10:13:57Z" finished-at="2017-07-17T10:14:50Z">
      <class name="MavenProject_Test._1.OpenWebPage">
        <test-method status="PASS" signature="beforeMethod()[pri:0, instance:MavenProject_Test._1.OpenWebPage@68c4039c]" name="beforeMethod" is-config="true" duration-ms="10" started-at="2017-07-17T18:13:57Z" finished-at="2017-07-17T18:13:57Z">
          <reporter-output>
          </reporter-output>
        </test-method> <!-- beforeMethod -->
        <test-method status="PASS" signature="test_case1()[pri:0, instance:MavenProject_Test._1.OpenWebPage@68c4039c]" name="test_case1" duration-ms="45236" started-at="2017-07-17T18:13:57Z" finished-at="2017-07-17T18:14:42Z">
          <reporter-output>
          </reporter-output>
        </test-method> <!-- test_case1 -->
        <test-method status="PASS" signature="afterMethod()[pri:0, instance:MavenProject_Test._1.OpenWebPage@68c4039c]" name="afterMethod" is-config="true" duration-ms="7474" started-at="2017-07-17T18:14:42Z" finished-at="2017-07-17T18:14:50Z">
          <reporter-output>
          </reporter-output>
        </test-method> <!-- afterMethod -->
      </class> <!-- MavenProject_Test._1.OpenWebPage -->
    </test> <!-- Default test -->
  </suite> <!-- Default suite -->
</testng-results>
